********************************************************************************
DUPLICATOR-LITE PACKAGE-LOG: 27 July 2018 13 h 36 min
NOTICE: Do NOT post to public sites or forums 
********************************************************************************
VERSION:	1.2.40
WORDPRESS:	4.9.7
PHP INFO:	7.2.4 | SAPI: apache2handler
SERVER:		Apache/2.4.33 (Win32) OpenSSL/1.1.0g PHP/7.2.4 
PHP TIME LIMIT: (0) no time limit imposed 
PHP MAX MEMORY: 2048M (128M default) 
MEMORY STACK: 16MB 

********************************************************************************
DATABASE:
********************************************************************************
BUILD MODE:   MYSQLDUMP
MYSQLTIMEOUT: 5000
MYSQLDUMP:    Is Supported 
FILTERED: [] 
RESPONSE: Ran from C:/xampp/mysql/bin/mysqldump.exe 
TABLES: total:13 | filtered:0 | create:13 
SQL CREATED: 20180727_eandltrip_798ed48a539d55006697180727133435_database.sql 
SQL FILE SIZE: 650.48KB (666092) 
SQL FILE TIME: 2018-07-27 13:36:23 
SQL RUNTIME: 0.52 sec. 

******************************************************************************** 
ARCHIVE (ZIP): 
******************************************************************************** 
ARCHIVE DIR:  C:/xampp/htdocs/01_wordpress 
ARCHIVE FILE: 20180727_eandltrip_798ed48a539d55006697180727133435_archive.zip 
FILTERS: *OFF* 
DIRS:
	not set 
FILES:
	not set 
EXTS:  not set 
---------------------------------------- 
COMPRESSING 
SIZE:	53.81MB 
STATS:	Dirs 322 | Files 2,310 
SQL ADDED: 20180727_eandltrip_798ed48a539d55006697180727133435_database.sql 
ZipArchive Object
(
    [status] => 0
    [statusSys] => 0
    [numFiles] => 2632
    [filename] => C:\xampp\htdocs\01_wordpress\wp-snapshots\tmp\20180727_eandltrip_798ed48a539d55006697180727133435_archive.zip
    [comment] => 
)
 
COMPRESSION RESULT: '1' 
COMPRESSED SIZE: 27.79MB 
ARCHIVE RUNTIME: 11.01 sec. 
MEMORY STACK: 16MB 

******************************************************************************** 
MAKE INSTALLER: 
******************************************************************************** 
Build Start 
Build Finished 
Preping for use 
PACK SIZE:  
Template parsed with new data 
Complete [C:/xampp/htdocs/01_wordpress/wp-snapshots/tmp/20180727_eandltrip_798ed48a539d55006697180727133435_installer.php] 
Added to archive 

******************************************************************************** 
INTEGRITY CHECKS: 
******************************************************************************** 
SQL File: 650.48KB 
Installer File: 445.89KB 
Archive File: 27.79MB  

********************************************************************************
RECORD ID:[1]
TOTAL PROCESS RUNTIME: 14.56 sec.
PEAK PHP MEMORY USED: 18MB
DONE PROCESSING => 20180727_eandltrip 27 July 2018 13 h 36 min
 
